<?xml version="1.0" encoding="UTF-8"?>
<testng-results skipped="0" failed="0" total="5" passed="5">
  <reporter-output>
  </reporter-output>
  <suite name="Default suite" duration-ms="14992" started-at="2016-08-20T13:26:21Z" finished-at="2016-08-20T13:26:36Z">
    <groups>
    </groups>
    <test name="Default test" duration-ms="14992" started-at="2016-08-20T13:26:21Z" finished-at="2016-08-20T13:26:36Z">
      <class name="com.wanmich.rest_assured_test.RestAssuredTest">
        <test-method status="PASS" signature="before()[pri:0, instance:com.wanmich.rest_assured_test.RestAssuredTest@71c7db30]" name="before" is-config="true" duration-ms="1322" started-at="2016-08-20T21:26:21Z" finished-at="2016-08-20T21:26:22Z">
          <reporter-output>
          </reporter-output>
        </test-method> <!-- before -->
        <test-method status="PASS" signature="testGet()[pri:0, instance:com.wanmich.rest_assured_test.RestAssuredTest@71c7db30]" name="testGet" duration-ms="6864" started-at="2016-08-20T21:26:22Z" finished-at="2016-08-20T21:26:29Z">
          <reporter-output>
          </reporter-output>
        </test-method> <!-- testGet -->
        <test-method status="PASS" signature="testJsonScheme()[pri:0, instance:com.wanmich.rest_assured_test.RestAssuredTest@71c7db30]" name="testJsonScheme" duration-ms="2796" started-at="2016-08-20T21:26:29Z" finished-at="2016-08-20T21:26:32Z">
          <reporter-output>
          </reporter-output>
        </test-method> <!-- testJsonScheme -->
        <test-method status="PASS" signature="testPost(java.lang.String, java.lang.String)[pri:0, instance:com.wanmich.rest_assured_test.RestAssuredTest@71c7db30]" name="testPost" duration-ms="1171" started-at="2016-08-20T21:26:32Z" data-provider="dataprovider1" finished-at="2016-08-20T21:26:33Z">
          <params>
            <param index="0">
              <value>
                <![CDATA[a1]]>
              </value>
            </param>
            <param index="1">
              <value>
                <![CDATA[b1]]>
              </value>
            </param>
          </params>
          <reporter-output>
          </reporter-output>
        </test-method> <!-- testPost -->
        <test-method status="PASS" signature="testPost(java.lang.String, java.lang.String)[pri:0, instance:com.wanmich.rest_assured_test.RestAssuredTest@71c7db30]" name="testPost" duration-ms="1893" started-at="2016-08-20T21:26:33Z" data-provider="dataprovider1" finished-at="2016-08-20T21:26:35Z">
          <params>
            <param index="0">
              <value>
                <![CDATA[a2]]>
              </value>
            </param>
            <param index="1">
              <value>
                <![CDATA[b2]]>
              </value>
            </param>
          </params>
          <reporter-output>
          </reporter-output>
        </test-method> <!-- testPost -->
        <test-method status="PASS" signature="testPost(java.lang.String, java.lang.String)[pri:0, instance:com.wanmich.rest_assured_test.RestAssuredTest@71c7db30]" name="testPost" duration-ms="846" started-at="2016-08-20T21:26:35Z" data-provider="dataprovider1" finished-at="2016-08-20T21:26:36Z">
          <params>
            <param index="0">
              <value>
                <![CDATA[a3]]>
              </value>
            </param>
            <param index="1">
              <value>
                <![CDATA[b3]]>
              </value>
            </param>
          </params>
          <reporter-output>
          </reporter-output>
        </test-method> <!-- testPost -->
        <test-method status="PASS" signature="after()[pri:0, instance:com.wanmich.rest_assured_test.RestAssuredTest@71c7db30]" name="after" is-config="true" duration-ms="5" started-at="2016-08-20T21:26:36Z" finished-at="2016-08-20T21:26:36Z">
          <reporter-output>
          </reporter-output>
        </test-method> <!-- after -->
      </class> <!-- com.wanmich.rest_assured_test.RestAssuredTest -->
    </test> <!-- Default test -->
  </suite> <!-- Default suite -->
</testng-results>
